<?xml version="1.0" encoding="UTF-8" ?>
<testsuites>
  <testsuite errors="0" failures="0" hostname="pieter-laptop" id="0" name="GameTests" package="prono" tests="1" time="0.029" timestamp="2010-06-03T19:07:43">
      <properties />

      <testcase classname="prono.GameTests" name="testSomething" time="0.027" />

      <system-out><![CDATA[--Output from testSomething--
]]></system-out>

      <system-err><![CDATA[--Output from testSomething--
]]></system-err>

  </testsuite>
  <testsuite errors="0" failures="0" hostname="pieter-laptop" id="1" name="KnockoutTests" package="prono" tests="1" time="0.0050" timestamp="2010-06-03T19:07:43">
      <properties />

      <testcase classname="prono.KnockoutTests" name="testSomething" time="0.0020" />

      <system-out><![CDATA[--Output from testSomething--
]]></system-out>

      <system-err><![CDATA[--Output from testSomething--
]]></system-err>

  </testsuite>
  <testsuite errors="0" failures="0" hostname="pieter-laptop" id="2" name="PouleTests" package="prono" tests="1" time="0.0050" timestamp="2010-06-03T19:07:43">
      <properties />

      <testcase classname="prono.PouleTests" name="testSomething" time="0.0030" />

      <system-out><![CDATA[--Output from testSomething--
]]></system-out>

      <system-err><![CDATA[--Output from testSomething--
]]></system-err>

  </testsuite>
  <testsuite errors="0" failures="0" hostname="pieter-laptop" id="3" name="TeamTests" package="prono" tests="1" time="0.019" timestamp="2010-06-03T19:07:43">
      <properties />

      <testcase classname="prono.TeamTests" name="testSomething" time="0.0030" />

      <system-out><![CDATA[--Output from testSomething--
]]></system-out>

      <system-err><![CDATA[--Output from testSomething--
]]></system-err>

  </testsuite>
  <testsuite errors="0" failures="0" hostname="pieter-laptop" id="4" name="TournamentRoundPartTests" package="prono" tests="1" time="0.0070" timestamp="2010-06-03T19:07:43">
      <properties />

      <testcase classname="prono.TournamentRoundPartTests" name="testSomething" time="0.0050" />

      <system-out><![CDATA[--Output from testSomething--
]]></system-out>

      <system-err><![CDATA[--Output from testSomething--
]]></system-err>

  </testsuite>
  <testsuite errors="0" failures="0" hostname="pieter-laptop" id="5" name="TournamentRoundTests" package="prono" tests="1" time="0.339" timestamp="2010-06-03T19:07:42">
      <properties />

      <testcase classname="prono.TournamentRoundTests" name="testSomething" time="0.301" />

      <system-out><![CDATA[--Output from testSomething--
]]></system-out>

      <system-err><![CDATA[--Output from testSomething--
]]></system-err>

  </testsuite>
  <testsuite errors="0" failures="0" hostname="pieter-laptop" id="6" name="TournamentTests" package="prono" tests="1" time="0.0080" timestamp="2010-06-03T19:07:43">
      <properties />

      <testcase classname="prono.TournamentTests" name="testSomething" time="0.0060" />

      <system-out><![CDATA[--Output from testSomething--
]]></system-out>

      <system-err><![CDATA[--Output from testSomething--
]]></system-err>

  </testsuite>
  <testsuite errors="1" failures="0" hostname="pieter-laptop" id="7" name="WkTournamentBuilderTests" package="prono" tests="1" time="0.086" timestamp="2010-06-03T19:07:43">
      <properties />

      <testcase classname="prono.WkTournamentBuilderTests" name="testBuildNewWkTournament" time="0.085">
          <error message="Cannot cast object &apos;true&apos; with class &apos;java.lang.Boolean&apos; to class &apos;prono.Tournament&apos;" type="org.codehaus.groovy.runtime.typehandling.GroovyCastException">org.codehaus.groovy.runtime.typehandling.GroovyCastException: Cannot cast object &apos;true&apos; with class &apos;java.lang.Boolean&apos; to class &apos;prono.Tournament&apos;
	at prono.WkTournamentBuilder.buildNewWkTournament(WkTournamentBuilder.groovy:63)
	at prono.WkTournamentBuilder$buildNewWkTournament.call(Unknown Source)
	at prono.WkTournamentBuilderTests.testBuildNewWkTournament(WkTournamentBuilderTests.groovy:15)
	at TestApp$_run_closure4.doCall(TestApp:262)
	at TestApp$_run_closure4.call(TestApp)
	at TestApp$_run_closure2.doCall(TestApp:221)
	at TestApp$_run_closure1_closure21.doCall(TestApp:181)
	at TestApp$_run_closure1.doCall(TestApp:168)
	at TestApp$_run_closure1.doCall(TestApp.groovy:102)
	at gant.Gant$_dispatch_closure5.doCall(Gant.groovy:381)
	at gant.Gant$_dispatch_closure7.doCall(Gant.groovy:415)
	at gant.Gant$_dispatch_closure7.doCall(Gant.groovy)
	at gant.Gant.withBuildListeners(Gant.groovy:427)
	at gant.Gant.this$2$withBuildListeners(Gant.groovy)
	at gant.Gant$this$2$withBuildListeners.callCurrent(Unknown Source)
	at gant.Gant.dispatch(Gant.groovy:415)
	at gant.Gant.this$2$dispatch(Gant.groovy)
	at gant.Gant.invokeMethod(Gant.groovy)
	at gant.Gant.executeTargets(Gant.groovy:590)
	at gant.Gant.executeTargets(Gant.groovy:589)
</error>

      </testcase>

      <system-out><![CDATA[--Output from testBuildNewWkTournament--
]]></system-out>

      <system-err><![CDATA[--Output from testBuildNewWkTournament--
]]></system-err>

  </testsuite>
</testsuites>
